================================================================================
–°–ò–ú–£–õ–Ø–¶–ò–Ø –õ–£–ß–®–ï–ô –°–¢–†–ê–¢–ï–ì–ò–ò
================================================================================

üìä –ü–ê–†–ê–ú–ï–¢–†–´:
   –†–µ–∂–∏–º: Partial (—á–∞—Å—Ç–∏—á–Ω—ã–µ –ø–æ–∑–∏—Ü–∏–∏)
   –ü–ª–µ—á–æ: 20x
   Stop-Loss: 15% –æ—Ç –ø–æ–∑–∏—Ü–∏–∏ (0.750% –¥–≤–∏–∂–µ–Ω–∏—è —Ü–µ–Ω—ã)
   Take-Profit: target_min (–±–ª–∏–∂–∞–π—à–∏–π —Ç–∞—Ä–≥–µ—Ç)
   –†–∞–∑–º–µ—Ä –ø–æ–∑–∏—Ü–∏–∏: $200
   –ú–∞–∫—Å. –æ–¥–Ω–æ–≤—Ä–µ–º–µ–Ω–Ω—ã—Ö –ø–æ–∑–∏—Ü–∏–π: 5
   –ù–∞—á–∞–ª—å–Ω—ã–π –±–∞–ª–∞–Ω—Å: $1000.00

üìà –°–ò–ì–ù–ê–õ–´ –ó–ê –°–ï–ì–û–î–ù–Ø:
   –í—Å–µ–≥–æ: 202
   BUY: 10
   SELL: 192

================================================================================
–¢–û–†–ì–û–í–õ–Ø
================================================================================

‚úÖ –°–¥–µ–ª–∫–∞ #1 | LINKUSDT SELL | ‚è±Ô∏è TTL
   –í—Ö–æ–¥: $13.9590 ‚Üí –í—ã—Ö–æ–¥: $13.9180
   PnL: $+11.55 (+5.8%) | –ë–∞–ª–∞–Ω—Å: $1011.55
   –ê–∫—Ç–∏–≤–Ω—ã—Ö –ø–æ–∑–∏—Ü–∏–π: 1/5

‚ùå –°–¥–µ–ª–∫–∞ #2 | LINKUSDT SELL | ‚è±Ô∏è TTL
   –í—Ö–æ–¥: $13.9590 ‚Üí –í—ã—Ö–æ–¥: $14.0020
   PnL: $-12.52 (-6.3%) | –ë–∞–ª–∞–Ω—Å: $999.03
   –ê–∫—Ç–∏–≤–Ω—ã—Ö –ø–æ–∑–∏—Ü–∏–π: 2/5

‚úÖ –°–¥–µ–ª–∫–∞ #3 | AVAXUSDT SELL | üéØ TP
   –í—Ö–æ–¥: $15.6830 ‚Üí –í—ã—Ö–æ–¥: $15.6203
   PnL: $+15.86 (+7.9%) | –ë–∞–ª–∞–Ω—Å: $1014.89
   –ê–∫—Ç–∏–≤–Ω—ã—Ö –ø–æ–∑–∏—Ü–∏–π: 1/5

‚úÖ –°–¥–µ–ª–∫–∞ #4 | LINKUSDT SELL | ‚è±Ô∏è TTL
   –í—Ö–æ–¥: $14.1030 ‚Üí –í—ã—Ö–æ–¥: $14.0630
   PnL: $+11.15 (+5.6%) | –ë–∞–ª–∞–Ω—Å: $1026.03
   –ê–∫—Ç–∏–≤–Ω—ã—Ö –ø–æ–∑–∏—Ü–∏–π: 2/5

‚úÖ –°–¥–µ–ª–∫–∞ #5 | LINKUSDT SELL | üéØ TP
   –í—Ö–æ–¥: $14.1160 ‚Üí –í—ã—Ö–æ–¥: $14.0595
   PnL: $+15.86 (+7.9%) | –ë–∞–ª–∞–Ω—Å: $1041.89
   –ê–∫—Ç–∏–≤–Ω—ã—Ö –ø–æ–∑–∏—Ü–∏–π: 3/5

‚úÖ –°–¥–µ–ª–∫–∞ #6 | HYPEUSDT SELL | üéØ TP
   –í—Ö–æ–¥: $38.6590 ‚Üí –í—ã—Ö–æ–¥: $38.5044
   PnL: $+15.86 (+7.9%) | –ë–∞–ª–∞–Ω—Å: $1057.75
   –ê–∫—Ç–∏–≤–Ω—ã—Ö –ø–æ–∑–∏—Ü–∏–π: 1/5

‚úÖ –°–¥–µ–ª–∫–∞ #7 | HYPEUSDT SELL | üéØ TP
   –í—Ö–æ–¥: $38.6590 ‚Üí –í—ã—Ö–æ–¥: $38.5044
   PnL: $+15.86 (+7.9%) | –ë–∞–ª–∞–Ω—Å: $1073.61
   –ê–∫—Ç–∏–≤–Ω—ã—Ö –ø–æ–∑–∏—Ü–∏–π: 2/5

‚úÖ –°–¥–µ–ª–∫–∞ #8 | ADAUSDT SELL | üéØ TP
   –í—Ö–æ–¥: $0.4929 ‚Üí –í—ã—Ö–æ–¥: $0.4909
   PnL: $+15.86 (+7.9%) | –ë–∞–ª–∞–Ω—Å: $1089.47
   –ê–∫—Ç–∏–≤–Ω—ã—Ö –ø–æ–∑–∏—Ü–∏–π: 3/5

‚ùå –°–¥–µ–ª–∫–∞ #9 | XRPUSDT SELL | ‚è±Ô∏è TTL
   –í—Ö–æ–¥: $2.2748 ‚Üí –í—ã—Ö–æ–¥: $2.2762
   PnL: $-2.66 (-1.3%) | –ë–∞–ª–∞–Ω—Å: $1086.81
   –ê–∫—Ç–∏–≤–Ω—ã—Ö –ø–æ–∑–∏—Ü–∏–π: 1/5

‚úÖ –°–¥–µ–ª–∫–∞ #10 | LINKUSDT SELL | ‚è±Ô∏è TTL
   –í—Ö–æ–¥: $14.1410 ‚Üí –í—ã—Ö–æ–¥: $14.0960
   PnL: $+12.53 (+6.3%) | –ë–∞–ª–∞–Ω—Å: $1099.34
   –ê–∫—Ç–∏–≤–Ω—ã—Ö –ø–æ–∑–∏—Ü–∏–π: 1/5

‚úÖ –°–¥–µ–ª–∫–∞ #11 | ADAUSDT SELL | üéØ TP
   –í—Ö–æ–¥: $0.4927 ‚Üí –í—ã—Ö–æ–¥: $0.4907
   PnL: $+15.86 (+7.9%) | –ë–∞–ª–∞–Ω—Å: $1115.20
   –ê–∫—Ç–∏–≤–Ω—ã—Ö –ø–æ–∑–∏—Ü–∏–π: 1/5

‚úÖ –°–¥–µ–ª–∫–∞ #12 | HYPEUSDT SELL | üéØ TP
   –í—Ö–æ–¥: $38.6570 ‚Üí –í—ã—Ö–æ–¥: $38.5024
   PnL: $+15.86 (+7.9%) | –ë–∞–ª–∞–Ω—Å: $1131.06
   –ê–∫—Ç–∏–≤–Ω—ã—Ö –ø–æ–∑–∏—Ü–∏–π: 2/5

‚úÖ –°–¥–µ–ª–∫–∞ #13 | ADAUSDT SELL | üéØ TP
   –í—Ö–æ–¥: $0.4918 ‚Üí –í—ã—Ö–æ–¥: $0.4898
   PnL: $+15.86 (+7.9%) | –ë–∞–ª–∞–Ω—Å: $1146.92
   –ê–∫—Ç–∏–≤–Ω—ã—Ö –ø–æ–∑–∏—Ü–∏–π: 3/5

‚úÖ –°–¥–µ–ª–∫–∞ #14 | BTCUSDT SELL | üéØ TP
   –í—Ö–æ–¥: $95248.5000 ‚Üí –í—ã—Ö–æ–¥: $94867.5060
   PnL: $+15.86 (+7.9%) | –ë–∞–ª–∞–Ω—Å: $1162.78
   –ê–∫—Ç–∏–≤–Ω—ã—Ö –ø–æ–∑–∏—Ü–∏–π: 4/5

‚úÖ –°–¥–µ–ª–∫–∞ #15 | ADAUSDT SELL | üéØ TP
   –í—Ö–æ–¥: $0.4918 ‚Üí –í—ã—Ö–æ–¥: $0.4898
   PnL: $+15.86 (+7.9%) | –ë–∞–ª–∞–Ω—Å: $1178.64
   –ê–∫—Ç–∏–≤–Ω—ã—Ö –ø–æ–∑–∏—Ü–∏–π: 5/5

‚úÖ –°–¥–µ–ª–∫–∞ #16 | HYPEUSDT SELL | üéØ TP
   –í—Ö–æ–¥: $38.2860 ‚Üí –í—ã—Ö–æ–¥: $38.1185
   PnL: $+17.37 (+8.7%) | –ë–∞–ª–∞–Ω—Å: $1196.00
   –ê–∫—Ç–∏–≤–Ω—ã—Ö –ø–æ–∑–∏—Ü–∏–π: 5/5

‚úÖ –°–¥–µ–ª–∫–∞ #17 | ETHUSDT SELL | üéØ TP
   –í—Ö–æ–¥: $3144.1200 ‚Üí –í—ã—Ö–æ–¥: $3131.5435
   PnL: $+15.86 (+7.9%) | –ë–∞–ª–∞–Ω—Å: $1211.86
   –ê–∫—Ç–∏–≤–Ω—ã—Ö –ø–æ–∑–∏—Ü–∏–π: 5/5

‚úÖ –°–¥–µ–ª–∫–∞ #18 | LINKUSDT SELL | üéØ TP
   –í—Ö–æ–¥: $13.8100 ‚Üí –í—ã—Ö–æ–¥: $13.7300
   PnL: $+23.04 (+11.5%) | –ë–∞–ª–∞–Ω—Å: $1234.91
   –ê–∫—Ç–∏–≤–Ω—ã—Ö –ø–æ–∑–∏—Ü–∏–π: 5/5

‚úÖ –°–¥–µ–ª–∫–∞ #19 | AVAXUSDT SELL | üéØ TP
   –í—Ö–æ–¥: $15.2890 ‚Üí –í—ã—Ö–æ–¥: $15.2143
   PnL: $+19.39 (+9.7%) | –ë–∞–ª–∞–Ω—Å: $1254.30
   –ê–∫—Ç–∏–≤–Ω—ã—Ö –ø–æ–∑–∏—Ü–∏–π: 4/5

‚úÖ –°–¥–µ–ª–∫–∞ #20 | LINKUSDT SELL | üéØ TP
   –í—Ö–æ–¥: $13.7880 ‚Üí –í—ã—Ö–æ–¥: $13.7082
   PnL: $+23.00 (+11.5%) | –ë–∞–ª–∞–Ω—Å: $1277.30
   –ê–∫—Ç–∏–≤–Ω—ã—Ö –ø–æ–∑–∏—Ü–∏–π: 5/5

‚úÖ –°–¥–µ–ª–∫–∞ #21 | SOLUSDT SELL | üéØ TP
   –í—Ö–æ–¥: $137.8900 ‚Üí –í—ã—Ö–æ–¥: $137.0812
   PnL: $+23.32 (+11.7%) | –ë–∞–ª–∞–Ω—Å: $1300.62
   –ê–∫—Ç–∏–≤–Ω—ã—Ö –ø–æ–∑–∏—Ü–∏–π: 4/5

‚ùå –°–¥–µ–ª–∫–∞ #22 | AVAXUSDT SELL | üõë SL
   –í—Ö–æ–¥: $15.1480 ‚Üí –í—ã—Ö–æ–¥: $15.2616
   PnL: $-30.20 (-15.1%) | –ë–∞–ª–∞–Ω—Å: $1270.42
   –ê–∫—Ç–∏–≤–Ω—ã—Ö –ø–æ–∑–∏—Ü–∏–π: 5/5

‚ùå –°–¥–µ–ª–∫–∞ #23 | ETHUSDT SELL | ‚è±Ô∏è TTL
   –í—Ö–æ–¥: $3118.0600 ‚Üí –í—ã—Ö–æ–¥: $3119.7200
   PnL: $-2.33 (-1.2%) | –ë–∞–ª–∞–Ω—Å: $1268.09
   –ê–∫—Ç–∏–≤–Ω—ã—Ö –ø–æ–∑–∏—Ü–∏–π: 5/5

‚ùå –°–¥–µ–ª–∫–∞ #24 | ETHUSDT SELL | üõë SL
   –í—Ö–æ–¥: $3113.1500 ‚Üí –í—ã—Ö–æ–¥: $3136.4986
   PnL: $-30.20 (-15.1%) | –ë–∞–ª–∞–Ω—Å: $1237.89
   –ê–∫—Ç–∏–≤–Ω—ã—Ö –ø–æ–∑–∏—Ü–∏–π: 5/5

‚ùå –°–¥–µ–ª–∫–∞ #25 | LINKUSDT SELL | üõë SL
   –í—Ö–æ–¥: $13.7040 ‚Üí –í—ã—Ö–æ–¥: $13.8068
   PnL: $-30.20 (-15.1%) | –ë–∞–ª–∞–Ω—Å: $1207.69
   –ê–∫—Ç–∏–≤–Ω—ã—Ö –ø–æ–∑–∏—Ü–∏–π: 5/5

‚ùå –°–¥–µ–ª–∫–∞ #26 | DOGEUSDT SELL | üõë SL
   –í—Ö–æ–¥: $0.1588 ‚Üí –í—ã—Ö–æ–¥: $0.1600
   PnL: $-30.20 (-15.1%) | –ë–∞–ª–∞–Ω—Å: $1177.49
   –ê–∫—Ç–∏–≤–Ω—ã—Ö –ø–æ–∑–∏—Ü–∏–π: 5/5

‚ùå –°–¥–µ–ª–∫–∞ #27 | ETHUSDT SELL | üõë SL
   –í—Ö–æ–¥: $3125.0800 ‚Üí –í—ã—Ö–æ–¥: $3148.5181
   PnL: $-30.20 (-15.1%) | –ë–∞–ª–∞–Ω—Å: $1147.29
   –ê–∫—Ç–∏–≤–Ω—ã—Ö –ø–æ–∑–∏—Ü–∏–π: 3/5

‚ùå –°–¥–µ–ª–∫–∞ #28 | AVAXUSDT SELL | üõë SL
   –í—Ö–æ–¥: $15.3310 ‚Üí –í—ã—Ö–æ–¥: $15.4460
   PnL: $-30.20 (-15.1%) | –ë–∞–ª–∞–Ω—Å: $1117.09
   –ê–∫—Ç–∏–≤–Ω—ã—Ö –ø–æ–∑–∏—Ü–∏–π: 4/5

‚ùå –°–¥–µ–ª–∫–∞ #29 | HYPEUSDT SELL | üõë SL
   –í—Ö–æ–¥: $37.8160 ‚Üí –í—ã—Ö–æ–¥: $38.0996
   PnL: $-30.20 (-15.1%) | –ë–∞–ª–∞–Ω—Å: $1086.89
   –ê–∫—Ç–∏–≤–Ω—ã—Ö –ø–æ–∑–∏—Ü–∏–π: 1/5

‚úÖ –°–¥–µ–ª–∫–∞ #30 | HYPEUSDT SELL | ‚è±Ô∏è TTL
   –í—Ö–æ–¥: $37.9460 ‚Üí –í—ã—Ö–æ–¥: $37.8150
   PnL: $+13.61 (+6.8%) | –ë–∞–ª–∞–Ω—Å: $1100.50
   –ê–∫—Ç–∏–≤–Ω—ã—Ö –ø–æ–∑–∏—Ü–∏–π: 2/5

‚úÖ –°–¥–µ–ª–∫–∞ #31 | HYPEUSDT SELL | üéØ TP
   –í—Ö–æ–¥: $37.9460 ‚Üí –í—ã—Ö–æ–¥: $37.6030
   PnL: $+36.01 (+18.0%) | –ë–∞–ª–∞–Ω—Å: $1136.52
   –ê–∫—Ç–∏–≤–Ω—ã—Ö –ø–æ–∑–∏—Ü–∏–π: 3/5

‚úÖ –°–¥–µ–ª–∫–∞ #32 | ETHUSDT SELL | ‚è±Ô∏è TTL
   –í—Ö–æ–¥: $3127.7500 ‚Üí –í—ã—Ö–æ–¥: $3120.3700
   PnL: $+9.24 (+4.6%) | –ë–∞–ª–∞–Ω—Å: $1145.75
   –ê–∫—Ç–∏–≤–Ω—ã—Ö –ø–æ–∑–∏—Ü–∏–π: 4/5

‚úÖ –°–¥–µ–ª–∫–∞ #33 | ETHUSDT SELL | ‚è±Ô∏è TTL
   –í—Ö–æ–¥: $3133.0200 ‚Üí –í—ã—Ö–æ–¥: $3124.8000
   PnL: $+10.29 (+5.1%) | –ë–∞–ª–∞–Ω—Å: $1156.05
   –ê–∫—Ç–∏–≤–Ω—ã—Ö –ø–æ–∑–∏—Ü–∏–π: 5/5

‚úÖ –°–¥–µ–ª–∫–∞ #34 | HYPEUSDT SELL | üéØ TP
   –í—Ö–æ–¥: $37.6860 ‚Üí –í—ã—Ö–æ–¥: $37.3382
   PnL: $+36.77 (+18.4%) | –ë–∞–ª–∞–Ω—Å: $1192.82
   –ê–∫—Ç–∏–≤–Ω—ã—Ö –ø–æ–∑–∏—Ü–∏–π: 1/5

‚úÖ –°–¥–µ–ª–∫–∞ #35 | ADAUSDT SELL | üéØ TP
   –í—Ö–æ–¥: $0.4775 ‚Üí –í—ã—Ö–æ–¥: $0.4709
   PnL: $+55.34 (+27.7%) | –ë–∞–ª–∞–Ω—Å: $1248.16
   –ê–∫—Ç–∏–≤–Ω—ã—Ö –ø–æ–∑–∏—Ü–∏–π: 2/5

‚úÖ –°–¥–µ–ª–∫–∞ #36 | DOGEUSDT SELL | üéØ TP
   –í—Ö–æ–¥: $0.1593 ‚Üí –í—ã—Ö–æ–¥: $0.1575
   PnL: $+44.28 (+22.1%) | –ë–∞–ª–∞–Ω—Å: $1292.44
   –ê–∫—Ç–∏–≤–Ω—ã—Ö –ø–æ–∑–∏—Ü–∏–π: 3/5

‚úÖ –°–¥–µ–ª–∫–∞ #37 | ADAUSDT SELL | üéØ TP
   –í—Ö–æ–¥: $0.4789 ‚Üí –í—ã—Ö–æ–¥: $0.4733
   PnL: $+46.78 (+23.4%) | –ë–∞–ª–∞–Ω—Å: $1339.22
   –ê–∫—Ç–∏–≤–Ω—ã—Ö –ø–æ–∑–∏—Ü–∏–π: 4/5

‚úÖ –°–¥–µ–ª–∫–∞ #38 | DOGEUSDT SELL | üéØ TP
   –í—Ö–æ–¥: $0.1583 ‚Üí –í—ã—Ö–æ–¥: $0.1565
   PnL: $+44.10 (+22.0%) | –ë–∞–ª–∞–Ω—Å: $1383.31
   –ê–∫—Ç–∏–≤–Ω—ã—Ö –ø–æ–∑–∏—Ü–∏–π: 5/5

‚úÖ –°–¥–µ–ª–∫–∞ #39 | SOLUSDT SELL | üéØ TP
   –í—Ö–æ–¥: $135.2200 ‚Üí –í—ã—Ö–æ–¥: $133.9855
   PnL: $+36.38 (+18.2%) | –ë–∞–ª–∞–Ω—Å: $1419.69
   –ê–∫—Ç–∏–≤–Ω—ã—Ö –ø–æ–∑–∏—Ü–∏–π: 5/5

‚ùå –°–¥–µ–ª–∫–∞ #40 | BNBUSDT SELL | üõë SL
   –í—Ö–æ–¥: $904.2500 ‚Üí –í—ã—Ö–æ–¥: $911.0319
   PnL: $-30.20 (-15.1%) | –ë–∞–ª–∞–Ω—Å: $1389.49
   –ê–∫—Ç–∏–≤–Ω—ã—Ö –ø–æ–∑–∏—Ü–∏–π: 5/5

‚úÖ –°–¥–µ–ª–∫–∞ #41 | BTCUSDT SELL | ‚è±Ô∏è TTL
   –í—Ö–æ–¥: $93211.2000 ‚Üí –í—ã—Ö–æ–¥: $93016.0000
   PnL: $+8.18 (+4.1%) | –ë–∞–ª–∞–Ω—Å: $1397.67
   –ê–∫—Ç–∏–≤–Ω—ã—Ö –ø–æ–∑–∏—Ü–∏–π: 5/5

‚ùå –°–¥–µ–ª–∫–∞ #42 | AVAXUSDT SELL | üõë SL
   –í—Ö–æ–¥: $14.9820 ‚Üí –í—ã—Ö–æ–¥: $15.0944
   PnL: $-30.20 (-15.1%) | –ë–∞–ª–∞–Ω—Å: $1367.47
   –ê–∫—Ç–∏–≤–Ω—ã—Ö –ø–æ–∑–∏—Ü–∏–π: 5/5

‚úÖ –°–¥–µ–ª–∫–∞ #43 | BTCUSDT SELL | ‚è±Ô∏è TTL
   –í—Ö–æ–¥: $93168.1000 ‚Üí –í—ã—Ö–æ–¥: $93033.3000
   PnL: $+5.59 (+2.8%) | –ë–∞–ª–∞–Ω—Å: $1373.06
   –ê–∫—Ç–∏–≤–Ω—ã—Ö –ø–æ–∑–∏—Ü–∏–π: 5/5

‚ùå –°–¥–µ–ª–∫–∞ #44 | HYPEUSDT SELL | üõë SL
   –í—Ö–æ–¥: $37.5080 ‚Üí –í—ã—Ö–æ–¥: $37.7893
   PnL: $-30.20 (-15.1%) | –ë–∞–ª–∞–Ω—Å: $1342.86
   –ê–∫—Ç–∏–≤–Ω—ã—Ö –ø–æ–∑–∏—Ü–∏–π: 5/5

‚ùå –°–¥–µ–ª–∫–∞ #45 | SOLUSDT SELL | üõë SL
   –í—Ö–æ–¥: $134.4600 ‚Üí –í—ã—Ö–æ–¥: $135.4685
   PnL: $-30.20 (-15.1%) | –ë–∞–ª–∞–Ω—Å: $1312.66
   –ê–∫—Ç–∏–≤–Ω—ã—Ö –ø–æ–∑–∏—Ü–∏–π: 2/5

‚ùå –°–¥–µ–ª–∫–∞ #46 | HYPEUSDT BUY | üõë SL
   –í—Ö–æ–¥: $38.0920 ‚Üí –í—ã—Ö–æ–¥: $37.8063
   PnL: $-30.20 (-15.1%) | –ë–∞–ª–∞–Ω—Å: $1282.46
   –ê–∫—Ç–∏–≤–Ω—ã—Ö –ø–æ–∑–∏—Ü–∏–π: 3/5

‚ùå –°–¥–µ–ª–∫–∞ #47 | SOLUSDT BUY | üõë SL
   –í—Ö–æ–¥: $135.4800 ‚Üí –í—ã—Ö–æ–¥: $134.4639
   PnL: $-30.20 (-15.1%) | –ë–∞–ª–∞–Ω—Å: $1252.26
   –ê–∫—Ç–∏–≤–Ω—ã—Ö –ø–æ–∑–∏—Ü–∏–π: 4/5

‚ùå –°–¥–µ–ª–∫–∞ #48 | SOLUSDT BUY | üõë SL
   –í—Ö–æ–¥: $135.6500 ‚Üí –í—ã—Ö–æ–¥: $134.6326
   PnL: $-30.20 (-15.1%) | –ë–∞–ª–∞–Ω—Å: $1222.06
   –ê–∫—Ç–∏–≤–Ω—ã—Ö –ø–æ–∑–∏—Ü–∏–π: 4/5

‚ùå –°–¥–µ–ª–∫–∞ #49 | SOLUSDT BUY | üõë SL
   –í—Ö–æ–¥: $135.1600 ‚Üí –í—ã—Ö–æ–¥: $134.1463
   PnL: $-30.20 (-15.1%) | –ë–∞–ª–∞–Ω—Å: $1191.86
   –ê–∫—Ç–∏–≤–Ω—ã—Ö –ø–æ–∑–∏—Ü–∏–π: 5/5

‚ùå –°–¥–µ–ª–∫–∞ #50 | XRPUSDT BUY | üõë SL
   –í—Ö–æ–¥: $2.1992 ‚Üí –í—ã—Ö–æ–¥: $2.1827
   PnL: $-30.20 (-15.1%) | –ë–∞–ª–∞–Ω—Å: $1161.66
   –ê–∫—Ç–∏–≤–Ω—ã—Ö –ø–æ–∑–∏—Ü–∏–π: 5/5

‚úÖ –°–¥–µ–ª–∫–∞ #51 | SOLUSDT SELL | üéØ TP
   –í—Ö–æ–¥: $133.8400 ‚Üí –í—ã—Ö–æ–¥: $132.9092
   PnL: $+27.68 (+13.8%) | –ë–∞–ª–∞–Ω—Å: $1189.33
   –ê–∫—Ç–∏–≤–Ω—ã—Ö –ø–æ–∑–∏—Ü–∏–π: 4/5

‚ùå –°–¥–µ–ª–∫–∞ #52 | XRPUSDT BUY | üõë SL
   –í—Ö–æ–¥: $2.1841 ‚Üí –í—ã—Ö–æ–¥: $2.1677
   PnL: $-30.20 (-15.1%) | –ë–∞–ª–∞–Ω—Å: $1159.13
   –ê–∫—Ç–∏–≤–Ω—ã—Ö –ø–æ–∑–∏—Ü–∏–π: 5/5

‚ùå –°–¥–µ–ª–∫–∞ #53 | XRPUSDT BUY | üõë SL
   –í—Ö–æ–¥: $2.1833 ‚Üí –í—ã—Ö–æ–¥: $2.1669
   PnL: $-30.20 (-15.1%) | –ë–∞–ª–∞–Ω—Å: $1128.93
   –ê–∫—Ç–∏–≤–Ω—ã—Ö –ø–æ–∑–∏—Ü–∏–π: 5/5

‚úÖ –°–¥–µ–ª–∫–∞ #54 | BNBUSDT BUY | üéØ TP
   –í—Ö–æ–¥: $910.7400 ‚Üí –í—ã—Ö–æ–¥: $912.6821
   PnL: $+8.39 (+4.2%) | –ë–∞–ª–∞–Ω—Å: $1137.32
   –ê–∫—Ç–∏–≤–Ω—ã—Ö –ø–æ–∑–∏—Ü–∏–π: 4/5

‚úÖ –°–¥–µ–ª–∫–∞ #55 | BTCUSDT SELL | ‚è±Ô∏è TTL
   –í—Ö–æ–¥: $92746.7000 ‚Üí –í—ã—Ö–æ–¥: $92400.0000
   PnL: $+14.75 (+7.4%) | –ë–∞–ª–∞–Ω—Å: $1152.08
   –ê–∫—Ç–∏–≤–Ω—ã—Ö –ø–æ–∑–∏—Ü–∏–π: 2/5

‚úÖ –°–¥–µ–ª–∫–∞ #56 | SOLUSDT SELL | ‚è±Ô∏è TTL
   –í—Ö–æ–¥: $131.5600 ‚Üí –í—ã—Ö–æ–¥: $130.9900
   PnL: $+17.13 (+8.6%) | –ë–∞–ª–∞–Ω—Å: $1169.21
   –ê–∫—Ç–∏–≤–Ω—ã—Ö –ø–æ–∑–∏—Ü–∏–π: 3/5

‚úÖ –°–¥–µ–ª–∫–∞ #57 | AVAXUSDT SELL | ‚è±Ô∏è TTL
   –í—Ö–æ–¥: $14.6960 ‚Üí –í—ã—Ö–æ–¥: $14.5660
   PnL: $+35.18 (+17.6%) | –ë–∞–ª–∞–Ω—Å: $1204.39
   –ê–∫—Ç–∏–≤–Ω—ã—Ö –ø–æ–∑–∏—Ü–∏–π: 4/5

‚úÖ –°–¥–µ–ª–∫–∞ #58 | DOGEUSDT SELL | üéØ TP
   –í—Ö–æ–¥: $0.1553 ‚Üí –í—ã—Ö–æ–¥: $0.1539
   PnL: $+36.05 (+18.0%) | –ë–∞–ª–∞–Ω—Å: $1240.44
   –ê–∫—Ç–∏–≤–Ω—ã—Ö –ø–æ–∑–∏—Ü–∏–π: 5/5

‚ùå –°–¥–µ–ª–∫–∞ #59 | BTCUSDT SELL | ‚è±Ô∏è TTL
   –í—Ö–æ–¥: $92521.8000 ‚Üí –í—ã—Ö–æ–¥: $92655.8000
   PnL: $-5.99 (-3.0%) | –ë–∞–ª–∞–Ω—Å: $1234.44
   –ê–∫—Ç–∏–≤–Ω—ã—Ö –ø–æ–∑–∏—Ü–∏–π: 4/5

‚úÖ –°–¥–µ–ª–∫–∞ #60 | SOLUSDT SELL | üéØ TP
   –í—Ö–æ–¥: $131.1900 ‚Üí –í—ã—Ö–æ–¥: $130.3402
   PnL: $+25.77 (+12.9%) | –ë–∞–ª–∞–Ω—Å: $1260.21
   –ê–∫—Ç–∏–≤–Ω—ã—Ö –ø–æ–∑–∏—Ü–∏–π: 5/5

‚ùå –°–¥–µ–ª–∫–∞ #61 | DOGEUSDT SELL | üõë SL
   –í—Ö–æ–¥: $0.1541 ‚Üí –í—ã—Ö–æ–¥: $0.1552
   PnL: $-30.20 (-15.1%) | –ë–∞–ª–∞–Ω—Å: $1230.01
   –ê–∫—Ç–∏–≤–Ω—ã—Ö –ø–æ–∑–∏—Ü–∏–π: 5/5

‚úÖ –°–¥–µ–ª–∫–∞ #62 | BTCUSDT SELL | ‚è±Ô∏è TTL
   –í—Ö–æ–¥: $92518.8000 ‚Üí –í—ã—Ö–æ–¥: $92200.0000
   PnL: $+13.58 (+6.8%) | –ë–∞–ª–∞–Ω—Å: $1243.59
   –ê–∫—Ç–∏–≤–Ω—ã—Ö –ø–æ–∑–∏—Ü–∏–π: 3/5

‚úÖ –°–¥–µ–ª–∫–∞ #63 | SOLUSDT SELL | ‚è±Ô∏è TTL
   –í—Ö–æ–¥: $130.4500 ‚Üí –í—ã—Ö–æ–¥: $130.2300
   PnL: $+6.55 (+3.3%) | –ë–∞–ª–∞–Ω—Å: $1250.14
   –ê–∫—Ç–∏–≤–Ω—ã—Ö –ø–æ–∑–∏—Ü–∏–π: 4/5

‚úÖ –°–¥–µ–ª–∫–∞ #64 | DOGEUSDT SELL | ‚è±Ô∏è TTL
   –í—Ö–æ–¥: $0.1543 ‚Üí –í—ã—Ö–æ–¥: $0.1530
   PnL: $+34.01 (+17.0%) | –ë–∞–ª–∞–Ω—Å: $1284.15
   –ê–∫—Ç–∏–≤–Ω—ã—Ö –ø–æ–∑–∏—Ü–∏–π: 5/5

‚úÖ –°–¥–µ–ª–∫–∞ #65 | SOLUSDT SELL | üéØ TP
   –í—Ö–æ–¥: $130.5000 ‚Üí –í—ã—Ö–æ–¥: $129.7252
   PnL: $+23.61 (+11.8%) | –ë–∞–ª–∞–Ω—Å: $1307.76
   –ê–∫—Ç–∏–≤–Ω—ã—Ö –ø–æ–∑–∏—Ü–∏–π: 5/5

‚úÖ –°–¥–µ–ª–∫–∞ #66 | SOLUSDT SELL | üéØ TP
   –í—Ö–æ–¥: $130.3600 ‚Üí –í—ã—Ö–æ–¥: $129.5030
   PnL: $+26.16 (+13.1%) | –ë–∞–ª–∞–Ω—Å: $1333.91
   –ê–∫—Ç–∏–≤–Ω—ã—Ö –ø–æ–∑–∏—Ü–∏–π: 5/5

‚úÖ –°–¥–µ–ª–∫–∞ #67 | BTCUSDT SELL | ‚è±Ô∏è TTL
   –í—Ö–æ–¥: $92268.9000 ‚Üí –í—ã—Ö–æ–¥: $92070.0000
   PnL: $+8.42 (+4.2%) | –ë–∞–ª–∞–Ω—Å: $1342.33
   –ê–∫—Ç–∏–≤–Ω—ã—Ö –ø–æ–∑–∏—Ü–∏–π: 5/5

‚úÖ –°–¥–µ–ª–∫–∞ #68 | BTCUSDT SELL | üéØ TP
   –í—Ö–æ–¥: $92070.9000 ‚Üí –í—ã—Ö–æ–¥: $91702.6164
   PnL: $+15.86 (+7.9%) | –ë–∞–ª–∞–Ω—Å: $1358.19
   –ê–∫—Ç–∏–≤–Ω—ã—Ö –ø–æ–∑–∏—Ü–∏–π: 3/5

‚ùå –°–¥–µ–ª–∫–∞ #69 | ETHUSDT SELL | üõë SL
   –í—Ö–æ–¥: $3003.4500 ‚Üí –í—ã—Ö–æ–¥: $3025.9759
   PnL: $-30.20 (-15.1%) | –ë–∞–ª–∞–Ω—Å: $1327.99
   –ê–∫—Ç–∏–≤–Ω—ã—Ö –ø–æ–∑–∏—Ü–∏–π: 4/5

‚úÖ –°–¥–µ–ª–∫–∞ #70 | BTCUSDT SELL | üéØ TP
   –í—Ö–æ–¥: $91941.4000 ‚Üí –í—ã—Ö–æ–¥: $91573.6344
   PnL: $+15.86 (+7.9%) | –ë–∞–ª–∞–Ω—Å: $1343.85
   –ê–∫—Ç–∏–≤–Ω—ã—Ö –ø–æ–∑–∏—Ü–∏–π: 3/5

‚úÖ –°–¥–µ–ª–∫–∞ #71 | ETHUSDT SELL | üéØ TP
   –í—Ö–æ–¥: $3003.6100 ‚Üí –í—ã—Ö–æ–¥: $2981.6669
   PnL: $+29.08 (+14.5%) | –ë–∞–ª–∞–Ω—Å: $1372.94
   –ê–∫—Ç–∏–≤–Ω—ã—Ö –ø–æ–∑–∏—Ü–∏–π: 4/5

‚úÖ –°–¥–µ–ª–∫–∞ #72 | SOLUSDT SELL | ‚è±Ô∏è TTL
   –í—Ö–æ–¥: $130.1300 ‚Üí –í—ã—Ö–æ–¥: $129.4600
   PnL: $+20.39 (+10.2%) | –ë–∞–ª–∞–Ω—Å: $1393.33
   –ê–∫—Ç–∏–≤–Ω—ã—Ö –ø–æ–∑–∏—Ü–∏–π: 5/5


================================================================================
üìä –†–ï–ó–£–õ–¨–¢–ê–¢–´
================================================================================

üìà –°—Ç–∞—Ç–∏—Å—Ç–∏–∫–∞ —Å–¥–µ–ª–æ–∫:
   –í—Å–µ–≥–æ —Å–¥–µ–ª–æ–∫: 72
   –ü—Ä–æ–ø—É—â–µ–Ω–æ —Å–∏–≥–Ω–∞–ª–æ–≤: 130 (–Ω–µ—Ç –º–µ—Å—Ç –∏–ª–∏ –±–∞–ª–∞–Ω—Å–∞)

   –†–∞—Å–ø—Ä–µ–¥–µ–ª–µ–Ω–∏–µ –ø–æ –≤—ã—Ö–æ–¥—É:
   üéØ TP: 32 (44.4%)
   üõë SL: 20 (27.8%)
   ‚è±Ô∏è TTL: 20 (27.8%)

üéØ Win Rate:
   ‚úÖ –í—ã–∏–≥—Ä—ã—à–Ω—ã—Ö: 48 (66.7%)
   ‚ùå –£–±—ã—Ç–æ—á–Ω—ã—Ö: 24 (33.3%)

üí∞ –ê–Ω–∞–ª–∏–∑ –ø—Ä–∏–±—ã–ª–∏/—É–±—ã—Ç–∫–æ–≤:
   ‚úÖ WIN —Å–¥–µ–ª–∫–∏:
      –°—Ä–µ–¥–Ω–∏–π: $21.27 (10.6%)
      –ú–∞–∫—Å–∏–º—É–º: $55.34 (27.7%)
      –ú–∏–Ω–∏–º—É–º: $5.59 (2.8%)
      –û–±—â–∞—è –ø—Ä–∏–±—ã–ª—å: $1020.84
   ‚ùå LOSS —Å–¥–µ–ª–∫–∏:
      –°—Ä–µ–¥–Ω–∏–π: $-26.15 (-13.1%)
      –ú–∞–∫—Å–∏–º—É–º: $-30.20 (-15.1%)
      –ú–∏–Ω–∏–º—É–º: $-2.33 (-1.2%)
      –û–±—â–∏–π —É–±—ã—Ç–æ–∫: $-627.51

üíµ –ò–¢–û–ì–û–í–´–ï –§–ò–ù–ê–ù–°–´:
   –ù–∞—á–∞–ª—å–Ω—ã–π –±–∞–ª–∞–Ω—Å: $1000.00
   –ö–æ–Ω–µ—á–Ω—ã–π –±–∞–ª–∞–Ω—Å: $1393.33
   –ß–∏—Å—Ç—ã–π PnL: $393.33
   ROI: 39.33%


üèÜ –¢–û–ü-5 –õ–£–ß–®–ò–• –°–î–ï–õ–û–ö:
--------------------------------------------------------------------------------

#1 ADAUSDT SELL ‚Üí TP
    Entry: $0.4775 ‚Üí Exit: $0.4709
    PnL: $55.34 (27.7%)
    Balance –ø–æ—Å–ª–µ: $1248.16

#2 ADAUSDT SELL ‚Üí TP
    Entry: $0.4789 ‚Üí Exit: $0.4733
    PnL: $46.78 (23.4%)
    Balance –ø–æ—Å–ª–µ: $1339.22

#3 DOGEUSDT SELL ‚Üí TP
    Entry: $0.1593 ‚Üí Exit: $0.1575
    PnL: $44.28 (22.1%)
    Balance –ø–æ—Å–ª–µ: $1292.44

#4 DOGEUSDT SELL ‚Üí TP
    Entry: $0.1583 ‚Üí Exit: $0.1565
    PnL: $44.10 (22.0%)
    Balance –ø–æ—Å–ª–µ: $1383.31

#5 HYPEUSDT SELL ‚Üí TP
    Entry: $37.6860 ‚Üí Exit: $37.3382
    PnL: $36.77 (18.4%)
    Balance –ø–æ—Å–ª–µ: $1192.82


üíî –¢–û–ü-5 –•–£–î–®–ò–• –°–î–ï–õ–û–ö:
--------------------------------------------------------------------------------

#1 HYPEUSDT SELL ‚Üí SL
    Entry: $37.5080 ‚Üí Exit: $37.7893
    PnL: $-30.20 (-15.1%)
    Balance –ø–æ—Å–ª–µ: $1342.86

#2 AVAXUSDT SELL ‚Üí SL
    Entry: $15.3310 ‚Üí Exit: $15.4460
    PnL: $-30.20 (-15.1%)
    Balance –ø–æ—Å–ª–µ: $1117.09

#3 DOGEUSDT SELL ‚Üí SL
    Entry: $0.1588 ‚Üí Exit: $0.1600
    PnL: $-30.20 (-15.1%)
    Balance –ø–æ—Å–ª–µ: $1177.49

#4 ETHUSDT SELL ‚Üí SL
    Entry: $3125.0800 ‚Üí Exit: $3148.5181
    PnL: $-30.20 (-15.1%)
    Balance –ø–æ—Å–ª–µ: $1147.29

#5 ETHUSDT SELL ‚Üí SL
    Entry: $3003.4500 ‚Üí Exit: $3025.9759
    PnL: $-30.20 (-15.1%)
    Balance –ø–æ—Å–ª–µ: $1327.99


üìà –î–ò–ù–ê–ú–ò–ö–ê –ë–ê–õ–ê–ù–°–ê:
--------------------------------------------------------------------------------
–ù–∞—á–∞–ª–æ: $1000.00
#  1 üü¢ ‚ñà‚ñà‚ñà‚ñà‚ñà‚ñà‚ñà‚ñà‚ñà‚ñà‚ñà‚ñà‚ñà‚ñà‚ñà‚ñà‚ñà‚ñà‚ñà‚ñà‚ñà‚ñà‚ñà‚ñà‚ñà‚ñà‚ñà‚ñà‚ñà‚ñà‚ñà‚ñà‚ñà‚ñà‚ñà‚ñà‚ñà‚ñà‚ñà‚ñà‚ñà‚ñà‚ñà‚ñà‚ñà‚ñà‚ñà‚ñà‚ñà‚ñà $1011.55
#  5 üü¢ ‚ñà‚ñà‚ñà‚ñà‚ñà‚ñà‚ñà‚ñà‚ñà‚ñà‚ñà‚ñà‚ñà‚ñà‚ñà‚ñà‚ñà‚ñà‚ñà‚ñà‚ñà‚ñà‚ñà‚ñà‚ñà‚ñà‚ñà‚ñà‚ñà‚ñà‚ñà‚ñà‚ñà‚ñà‚ñà‚ñà‚ñà‚ñà‚ñà‚ñà‚ñà‚ñà‚ñà‚ñà‚ñà‚ñà‚ñà‚ñà‚ñà‚ñà‚ñà‚ñà $1041.89
#  9 üü¢ ‚ñà‚ñà‚ñà‚ñà‚ñà‚ñà‚ñà‚ñà‚ñà‚ñà‚ñà‚ñà‚ñà‚ñà‚ñà‚ñà‚ñà‚ñà‚ñà‚ñà‚ñà‚ñà‚ñà‚ñà‚ñà‚ñà‚ñà‚ñà‚ñà‚ñà‚ñà‚ñà‚ñà‚ñà‚ñà‚ñà‚ñà‚ñà‚ñà‚ñà‚ñà‚ñà‚ñà‚ñà‚ñà‚ñà‚ñà‚ñà‚ñà‚ñà‚ñà‚ñà‚ñà‚ñà $1086.81
# 13 üü¢ ‚ñà‚ñà‚ñà‚ñà‚ñà‚ñà‚ñà‚ñà‚ñà‚ñà‚ñà‚ñà‚ñà‚ñà‚ñà‚ñà‚ñà‚ñà‚ñà‚ñà‚ñà‚ñà‚ñà‚ñà‚ñà‚ñà‚ñà‚ñà‚ñà‚ñà‚ñà‚ñà‚ñà‚ñà‚ñà‚ñà‚ñà‚ñà‚ñà‚ñà‚ñà‚ñà‚ñà‚ñà‚ñà‚ñà‚ñà‚ñà‚ñà‚ñà‚ñà‚ñà‚ñà‚ñà‚ñà‚ñà‚ñà $1146.92
# 17 üü¢ ‚ñà‚ñà‚ñà‚ñà‚ñà‚ñà‚ñà‚ñà‚ñà‚ñà‚ñà‚ñà‚ñà‚ñà‚ñà‚ñà‚ñà‚ñà‚ñà‚ñà‚ñà‚ñà‚ñà‚ñà‚ñà‚ñà‚ñà‚ñà‚ñà‚ñà‚ñà‚ñà‚ñà‚ñà‚ñà‚ñà‚ñà‚ñà‚ñà‚ñà‚ñà‚ñà‚ñà‚ñà‚ñà‚ñà‚ñà‚ñà‚ñà‚ñà‚ñà‚ñà‚ñà‚ñà‚ñà‚ñà‚ñà‚ñà‚ñà‚ñà $1211.86
# 21 üü¢ ‚ñà‚ñà‚ñà‚ñà‚ñà‚ñà‚ñà‚ñà‚ñà‚ñà‚ñà‚ñà‚ñà‚ñà‚ñà‚ñà‚ñà‚ñà‚ñà‚ñà‚ñà‚ñà‚ñà‚ñà‚ñà‚ñà‚ñà‚ñà‚ñà‚ñà‚ñà‚ñà‚ñà‚ñà‚ñà‚ñà‚ñà‚ñà‚ñà‚ñà‚ñà‚ñà‚ñà‚ñà‚ñà‚ñà‚ñà‚ñà‚ñà‚ñà‚ñà‚ñà‚ñà‚ñà‚ñà‚ñà‚ñà‚ñà‚ñà‚ñà‚ñà‚ñà‚ñà‚ñà‚ñà $1300.62
# 25 üü¢ ‚ñà‚ñà‚ñà‚ñà‚ñà‚ñà‚ñà‚ñà‚ñà‚ñà‚ñà‚ñà‚ñà‚ñà‚ñà‚ñà‚ñà‚ñà‚ñà‚ñà‚ñà‚ñà‚ñà‚ñà‚ñà‚ñà‚ñà‚ñà‚ñà‚ñà‚ñà‚ñà‚ñà‚ñà‚ñà‚ñà‚ñà‚ñà‚ñà‚ñà‚ñà‚ñà‚ñà‚ñà‚ñà‚ñà‚ñà‚ñà‚ñà‚ñà‚ñà‚ñà‚ñà‚ñà‚ñà‚ñà‚ñà‚ñà‚ñà‚ñà $1207.69
# 29 üü¢ ‚ñà‚ñà‚ñà‚ñà‚ñà‚ñà‚ñà‚ñà‚ñà‚ñà‚ñà‚ñà‚ñà‚ñà‚ñà‚ñà‚ñà‚ñà‚ñà‚ñà‚ñà‚ñà‚ñà‚ñà‚ñà‚ñà‚ñà‚ñà‚ñà‚ñà‚ñà‚ñà‚ñà‚ñà‚ñà‚ñà‚ñà‚ñà‚ñà‚ñà‚ñà‚ñà‚ñà‚ñà‚ñà‚ñà‚ñà‚ñà‚ñà‚ñà‚ñà‚ñà‚ñà‚ñà $1086.89
# 33 üü¢ ‚ñà‚ñà‚ñà‚ñà‚ñà‚ñà‚ñà‚ñà‚ñà‚ñà‚ñà‚ñà‚ñà‚ñà‚ñà‚ñà‚ñà‚ñà‚ñà‚ñà‚ñà‚ñà‚ñà‚ñà‚ñà‚ñà‚ñà‚ñà‚ñà‚ñà‚ñà‚ñà‚ñà‚ñà‚ñà‚ñà‚ñà‚ñà‚ñà‚ñà‚ñà‚ñà‚ñà‚ñà‚ñà‚ñà‚ñà‚ñà‚ñà‚ñà‚ñà‚ñà‚ñà‚ñà‚ñà‚ñà‚ñà $1156.05
# 37 üü¢ ‚ñà‚ñà‚ñà‚ñà‚ñà‚ñà‚ñà‚ñà‚ñà‚ñà‚ñà‚ñà‚ñà‚ñà‚ñà‚ñà‚ñà‚ñà‚ñà‚ñà‚ñà‚ñà‚ñà‚ñà‚ñà‚ñà‚ñà‚ñà‚ñà‚ñà‚ñà‚ñà‚ñà‚ñà‚ñà‚ñà‚ñà‚ñà‚ñà‚ñà‚ñà‚ñà‚ñà‚ñà‚ñà‚ñà‚ñà‚ñà‚ñà‚ñà‚ñà‚ñà‚ñà‚ñà‚ñà‚ñà‚ñà‚ñà‚ñà‚ñà‚ñà‚ñà‚ñà‚ñà‚ñà‚ñà $1339.22
# 41 üü¢ ‚ñà‚ñà‚ñà‚ñà‚ñà‚ñà‚ñà‚ñà‚ñà‚ñà‚ñà‚ñà‚ñà‚ñà‚ñà‚ñà‚ñà‚ñà‚ñà‚ñà‚ñà‚ñà‚ñà‚ñà‚ñà‚ñà‚ñà‚ñà‚ñà‚ñà‚ñà‚ñà‚ñà‚ñà‚ñà‚ñà‚ñà‚ñà‚ñà‚ñà‚ñà‚ñà‚ñà‚ñà‚ñà‚ñà‚ñà‚ñà‚ñà‚ñà‚ñà‚ñà‚ñà‚ñà‚ñà‚ñà‚ñà‚ñà‚ñà‚ñà‚ñà‚ñà‚ñà‚ñà‚ñà‚ñà‚ñà‚ñà‚ñà $1397.67
# 45 üü¢ ‚ñà‚ñà‚ñà‚ñà‚ñà‚ñà‚ñà‚ñà‚ñà‚ñà‚ñà‚ñà‚ñà‚ñà‚ñà‚ñà‚ñà‚ñà‚ñà‚ñà‚ñà‚ñà‚ñà‚ñà‚ñà‚ñà‚ñà‚ñà‚ñà‚ñà‚ñà‚ñà‚ñà‚ñà‚ñà‚ñà‚ñà‚ñà‚ñà‚ñà‚ñà‚ñà‚ñà‚ñà‚ñà‚ñà‚ñà‚ñà‚ñà‚ñà‚ñà‚ñà‚ñà‚ñà‚ñà‚ñà‚ñà‚ñà‚ñà‚ñà‚ñà‚ñà‚ñà‚ñà‚ñà $1312.66
# 49 üü¢ ‚ñà‚ñà‚ñà‚ñà‚ñà‚ñà‚ñà‚ñà‚ñà‚ñà‚ñà‚ñà‚ñà‚ñà‚ñà‚ñà‚ñà‚ñà‚ñà‚ñà‚ñà‚ñà‚ñà‚ñà‚ñà‚ñà‚ñà‚ñà‚ñà‚ñà‚ñà‚ñà‚ñà‚ñà‚ñà‚ñà‚ñà‚ñà‚ñà‚ñà‚ñà‚ñà‚ñà‚ñà‚ñà‚ñà‚ñà‚ñà‚ñà‚ñà‚ñà‚ñà‚ñà‚ñà‚ñà‚ñà‚ñà‚ñà‚ñà $1191.86
# 53 üü¢ ‚ñà‚ñà‚ñà‚ñà‚ñà‚ñà‚ñà‚ñà‚ñà‚ñà‚ñà‚ñà‚ñà‚ñà‚ñà‚ñà‚ñà‚ñà‚ñà‚ñà‚ñà‚ñà‚ñà‚ñà‚ñà‚ñà‚ñà‚ñà‚ñà‚ñà‚ñà‚ñà‚ñà‚ñà‚ñà‚ñà‚ñà‚ñà‚ñà‚ñà‚ñà‚ñà‚ñà‚ñà‚ñà‚ñà‚ñà‚ñà‚ñà‚ñà‚ñà‚ñà‚ñà‚ñà‚ñà‚ñà $1128.93
# 57 üü¢ ‚ñà‚ñà‚ñà‚ñà‚ñà‚ñà‚ñà‚ñà‚ñà‚ñà‚ñà‚ñà‚ñà‚ñà‚ñà‚ñà‚ñà‚ñà‚ñà‚ñà‚ñà‚ñà‚ñà‚ñà‚ñà‚ñà‚ñà‚ñà‚ñà‚ñà‚ñà‚ñà‚ñà‚ñà‚ñà‚ñà‚ñà‚ñà‚ñà‚ñà‚ñà‚ñà‚ñà‚ñà‚ñà‚ñà‚ñà‚ñà‚ñà‚ñà‚ñà‚ñà‚ñà‚ñà‚ñà‚ñà‚ñà‚ñà‚ñà‚ñà $1204.39
# 61 üü¢ ‚ñà‚ñà‚ñà‚ñà‚ñà‚ñà‚ñà‚ñà‚ñà‚ñà‚ñà‚ñà‚ñà‚ñà‚ñà‚ñà‚ñà‚ñà‚ñà‚ñà‚ñà‚ñà‚ñà‚ñà‚ñà‚ñà‚ñà‚ñà‚ñà‚ñà‚ñà‚ñà‚ñà‚ñà‚ñà‚ñà‚ñà‚ñà‚ñà‚ñà‚ñà‚ñà‚ñà‚ñà‚ñà‚ñà‚ñà‚ñà‚ñà‚ñà‚ñà‚ñà‚ñà‚ñà‚ñà‚ñà‚ñà‚ñà‚ñà‚ñà‚ñà $1230.01
# 65 üü¢ ‚ñà‚ñà‚ñà‚ñà‚ñà‚ñà‚ñà‚ñà‚ñà‚ñà‚ñà‚ñà‚ñà‚ñà‚ñà‚ñà‚ñà‚ñà‚ñà‚ñà‚ñà‚ñà‚ñà‚ñà‚ñà‚ñà‚ñà‚ñà‚ñà‚ñà‚ñà‚ñà‚ñà‚ñà‚ñà‚ñà‚ñà‚ñà‚ñà‚ñà‚ñà‚ñà‚ñà‚ñà‚ñà‚ñà‚ñà‚ñà‚ñà‚ñà‚ñà‚ñà‚ñà‚ñà‚ñà‚ñà‚ñà‚ñà‚ñà‚ñà‚ñà‚ñà‚ñà‚ñà‚ñà $1307.76
# 69 üü¢ ‚ñà‚ñà‚ñà‚ñà‚ñà‚ñà‚ñà‚ñà‚ñà‚ñà‚ñà‚ñà‚ñà‚ñà‚ñà‚ñà‚ñà‚ñà‚ñà‚ñà‚ñà‚ñà‚ñà‚ñà‚ñà‚ñà‚ñà‚ñà‚ñà‚ñà‚ñà‚ñà‚ñà‚ñà‚ñà‚ñà‚ñà‚ñà‚ñà‚ñà‚ñà‚ñà‚ñà‚ñà‚ñà‚ñà‚ñà‚ñà‚ñà‚ñà‚ñà‚ñà‚ñà‚ñà‚ñà‚ñà‚ñà‚ñà‚ñà‚ñà‚ñà‚ñà‚ñà‚ñà‚ñà‚ñà $1327.99
# 72 üü¢ ‚ñà‚ñà‚ñà‚ñà‚ñà‚ñà‚ñà‚ñà‚ñà‚ñà‚ñà‚ñà‚ñà‚ñà‚ñà‚ñà‚ñà‚ñà‚ñà‚ñà‚ñà‚ñà‚ñà‚ñà‚ñà‚ñà‚ñà‚ñà‚ñà‚ñà‚ñà‚ñà‚ñà‚ñà‚ñà‚ñà‚ñà‚ñà‚ñà‚ñà‚ñà‚ñà‚ñà‚ñà‚ñà‚ñà‚ñà‚ñà‚ñà‚ñà‚ñà‚ñà‚ñà‚ñà‚ñà‚ñà‚ñà‚ñà‚ñà‚ñà‚ñà‚ñà‚ñà‚ñà‚ñà‚ñà‚ñà‚ñà‚ñà $1393.33 (–§–ò–ù–ê–õ)

–ú–∞–∫—Å. –±–∞–ª–∞–Ω—Å: $1419.69
–ú–∏–Ω. –±–∞–ª–∞–Ω—Å: $999.03


üíé –°–¢–ê–¢–ò–°–¢–ò–ö–ê –ü–û –ú–û–ù–ï–¢–ê–ú:
--------------------------------------------------------------------------------

–ú–æ–Ω–µ—Ç–∞        –°–¥–µ–ª–æ–∫        PnL      Avg    TP   Win%
--------------------------------------------------------------------------------
Traceback (most recent call last):
  File "/home/runner/workspace/.pythonlibs/lib/python3.11/site-packages/pandas/core/indexes/base.py", line 3805, in get_loc
    return self._engine.get_loc(casted_key)
           ^^^^^^^^^^^^^^^^^^^^^^^^^^^^^^^^
  File "index.pyx", line 167, in pandas._libs.index.IndexEngine.get_loc
  File "index.pyx", line 196, in pandas._libs.index.IndexEngine.get_loc
  File "pandas/_libs/hashtable_class_helper.pxi", line 7081, in pandas._libs.hashtable.PyObjectHashTable.get_item
  File "pandas/_libs/hashtable_class_helper.pxi", line 7089, in pandas._libs.hashtable.PyObjectHashTable.get_item
KeyError: 'Avg'

The above exception was the direct cause of the following exception:

Traceback (most recent call last):
  File "/home/runner/workspace/analysis/simulate_best_strategy.py", line 349, in <module>
    simulate_best_strategy()
  File "/home/runner/workspace/analysis/simulate_best_strategy.py", line 307, in simulate_best_strategy
    print(f"{symbol:<12} {int(row['–°–¥–µ–ª–æ–∫']):>7} ${row['PnL']:>9.2f} ${row['Avg']:>7.2f} {int(row['TP']):>5} {row['Win%']:>5.1f}%")
                                                                       ~~~^^^^^^^
  File "/home/runner/workspace/.pythonlibs/lib/python3.11/site-packages/pandas/core/series.py", line 1121, in __getitem__
    return self._get_value(key)
           ^^^^^^^^^^^^^^^^^^^^
  File "/home/runner/workspace/.pythonlibs/lib/python3.11/site-packages/pandas/core/series.py", line 1237, in _get_value
    loc = self.index.get_loc(label)
          ^^^^^^^^^^^^^^^^^^^^^^^^^
  File "/home/runner/workspace/.pythonlibs/lib/python3.11/site-packages/pandas/core/indexes/base.py", line 3812, in get_loc
    raise KeyError(key) from err
KeyError: 'Avg'
